[debug] [2024-02-18T05:41:28.341Z] ----------------------------------------------------------------------
[debug] [2024-02-18T05:41:28.345Z] Command:       C:\Program Files\nodejs\node.exe C:\Users\Shaz Rasheed\AppData\Roaming\npm\node_modules\firebase-tools\lib\bin\firebase.js init hosting
[debug] [2024-02-18T05:41:28.345Z] CLI Version:   13.3.0
[debug] [2024-02-18T05:41:28.346Z] Platform:      win32
[debug] [2024-02-18T05:41:28.346Z] Node Version:  v20.11.0
[debug] [2024-02-18T05:41:28.346Z] Time:          Sun Feb 18 2024 11:11:28 GMT+0530 (India Standard Time)
[debug] [2024-02-18T05:41:28.346Z] ----------------------------------------------------------------------
[debug] 
[debug] [2024-02-18T05:41:28.355Z] > command requires scopes: ["email","openid","https://www.googleapis.com/auth/cloudplatformprojects.readonly","https://www.googleapis.com/auth/firebase","https://www.googleapis.com/auth/cloud-platform"]
[debug] [2024-02-18T05:41:28.356Z] > authorizing via signed-in user (rasheedshaz08@gmail.com)
[info] 
     ######## #### ########  ######## ########     ###     ######  ########
     ##        ##  ##     ## ##       ##     ##  ##   ##  ##       ##
     ######    ##  ########  ######   ########  #########  ######  ######
     ##        ##  ##    ##  ##       ##     ## ##     ##       ## ##
     ##       #### ##     ## ######## ########  ##     ##  ######  ########

You're about to initialize a Firebase project in this directory:

  C:\Users\Shaz Rasheed\Desktop\Code\Trial_project\person

[info] 
=== Project Setup
[info] 
[info] First, let's associate this project directory with a Firebase project.
[info] You can create multiple project aliases by running firebase use --add, 
[info] but for now we'll just set up a default project.
[info] 
[info] i  If you want to create a project in a Google Cloud organization or folder, please use "firebase projects:create" instead, and return to this command when you've created the project. 
[debug] [2024-02-18T05:44:13.370Z] >>> [apiv2][query] POST https://cloudresourcemanager.googleapis.com/v1/projects [none]
[debug] [2024-02-18T05:44:13.370Z] >>> [apiv2][body] POST https://cloudresourcemanager.googleapis.com/v1/projects {"projectId":"123","name":"personAPI"}
[debug] [2024-02-18T05:44:13.458Z] *** [apiv2] error from fetch(https://cloudresourcemanager.googleapis.com/v1/projects, {"headers":{},"method":"POST","signal":{},"body":"{\"projectId\":\"123\",\"name\":\"personAPI\"}"}): FetchError: request to https://cloudresourcemanager.googleapis.com/v1/projects failed, reason: getaddrinfo ENOTFOUND cloudresourcemanager.googleapis.com
[debug] [2024-02-18T05:44:13.466Z] FirebaseError: Failed to make request to https://cloudresourcemanager.googleapis.com/v1/projects
    at RetryOperation._fn (C:\Users\Shaz Rasheed\AppData\Roaming\npm\node_modules\firebase-tools\lib\apiv2.js:246:31)
    at process.processTicksAndRejections (node:internal/process/task_queues:95:5)
[error] 
[error] Error: Failed to create project. See firebase-debug.log for more info.
[debug] [2024-02-18T05:44:23.966Z] ----------------------------------------------------------------------
[debug] [2024-02-18T05:44:23.969Z] Command:       C:\Program Files\nodejs\node.exe C:\Users\Shaz Rasheed\AppData\Roaming\npm\node_modules\firebase-tools\lib\bin\firebase.js init hosting
[debug] [2024-02-18T05:44:23.970Z] CLI Version:   13.3.0
[debug] [2024-02-18T05:44:23.970Z] Platform:      win32
[debug] [2024-02-18T05:44:23.970Z] Node Version:  v20.11.0
[debug] [2024-02-18T05:44:23.970Z] Time:          Sun Feb 18 2024 11:14:23 GMT+0530 (India Standard Time)
[debug] [2024-02-18T05:44:23.970Z] ----------------------------------------------------------------------
[debug] 
[debug] [2024-02-18T05:44:23.979Z] > command requires scopes: ["email","openid","https://www.googleapis.com/auth/cloudplatformprojects.readonly","https://www.googleapis.com/auth/firebase","https://www.googleapis.com/auth/cloud-platform"]
[debug] [2024-02-18T05:44:23.979Z] > authorizing via signed-in user (rasheedshaz08@gmail.com)
[info] 
     ######## #### ########  ######## ########     ###     ######  ########
     ##        ##  ##     ## ##       ##     ##  ##   ##  ##       ##
     ######    ##  ########  ######   ########  #########  ######  ######
     ##        ##  ##    ##  ##       ##     ## ##     ##       ## ##
     ##       #### ##     ## ######## ########  ##     ##  ######  ########

You're about to initialize a Firebase project in this directory:

  C:\Users\Shaz Rasheed\Desktop\Code\Trial_project\person

[info] 
=== Project Setup
[info] 
[info] First, let's associate this project directory with a Firebase project.
[info] You can create multiple project aliases by running firebase use --add, 
[info] but for now we'll just set up a default project.
[info] 
[info] i  If you want to create a project in a Google Cloud organization or folder, please use "firebase projects:create" instead, and return to this command when you've created the project. 
[debug] [2024-02-18T05:44:55.282Z] >>> [apiv2][query] POST https://cloudresourcemanager.googleapis.com/v1/projects [none]
[debug] [2024-02-18T05:44:55.282Z] >>> [apiv2][body] POST https://cloudresourcemanager.googleapis.com/v1/projects {"projectId":"123","name":"personAPI"}
[debug] [2024-02-18T05:44:57.102Z] <<< [apiv2][status] POST https://cloudresourcemanager.googleapis.com/v1/projects 400
[debug] [2024-02-18T05:44:57.105Z] <<< [apiv2][body] POST https://cloudresourcemanager.googleapis.com/v1/projects {"error":{"code":400,"message":"Request contains an invalid argument.","status":"INVALID_ARGUMENT","details":[{"@type":"type.googleapis.com/google.rpc.BadRequest","fieldViolations":[{"field":"project_id","description":"project_id must be at least 6 characters long"},{"field":"project_id","description":"project_id contains invalid characters"}]},{"@type":"type.googleapis.com/google.rpc.Help","links":[{"url":"https://cloud.google.com/resource-manager/reference/rest/v1/projects"}]}]}}
[debug] [2024-02-18T05:44:57.415Z] FirebaseError: HTTP Error: 400, Request contains an invalid argument.
    at responseToError (C:\Users\Shaz Rasheed\AppData\Roaming\npm\node_modules\firebase-tools\lib\responseToError.js:49:12)
    at RetryOperation._fn (C:\Users\Shaz Rasheed\AppData\Roaming\npm\node_modules\firebase-tools\lib\apiv2.js:292:77)
    at process.processTicksAndRejections (node:internal/process/task_queues:95:5)
[error] 
[error] Error: Failed to create project. See firebase-debug.log for more info.
